2026-02-04 17:11:04,272 - INFO - Starting experiment queue: 4900 experiments
2026-02-04 17:11:04,272 - INFO - 
================================================================================
2026-02-04 17:11:04,272 - INFO - Experiment 1/4900: none
2026-02-04 17:11:04,272 - INFO - Parameters: {'perturb_type': 'none', 'perturb_epoch': 0, 'perturb_length': 1, 'random_seed': 1}
2026-02-04 17:11:04,272 - INFO - ================================================================================

2026-02-04 17:11:04,272 - INFO - Starting training for: none
2026-02-04 17:11:04,273 - INFO - ================================================================================
2026-02-04 17:11:04,273 - INFO - Starting Process
2026-02-04 17:11:04,273 - INFO - Log file: ./experiments/sequential/none_seed1/seq01_none_seed1/training_log_none.txt
2026-02-04 17:11:04,273 - INFO - ================================================================================
2026-02-04 17:11:04,273 - INFO - ================================================================================
2026-02-04 17:11:04,273 - INFO - Starting Training Run
2026-02-04 17:11:04,273 - INFO - Log file: ./experiments/sequential/none_seed1/seq01_none_seed1/training_log_none.txt
2026-02-04 17:11:04,273 - INFO - ================================================================================
2026-02-04 17:11:07,112 - INFO - Dataset split indices saved: ./experiments/sequential/none_seed1/seq01_none_seed1/random_states/dataset_split_indices.pth
2026-02-04 17:11:07,113 - INFO - Using GPU 0
2026-02-04 17:11:07,113 - INFO - Using device: cuda:0
2026-02-04 17:11:11,392 - ERROR - ✗ Failed: none
2026-02-04 17:11:11,392 - ERROR - Error: '<=' not supported between instances of 'float' and 'str'
2026-02-04 17:11:11,393 - ERROR - Traceback (most recent call last):
  File "/home/wallacelab/Documents/GitHub/cvpr_perturbations/wandb_runner.py", line 109, in run_sequential_experiments
    run_training_experiment(config)
  File "/home/wallacelab/Documents/GitHub/cvpr_perturbations/src/training/trainer.py", line 961, in run_training_experiment
    optimizer = AdamW(model.parameters(), lr=config['lr'])
                ^^^^^^^^^^^^^^^^^^^^^^^^^^^^^^^^^^^^^^^^^^
  File "/home/wallacelab/miniconda/envs/adaptive-clip/lib/python3.11/site-packages/torch/optim/adamw.py", line 28, in __init__
    if not 0.0 <= lr:
           ^^^^^^^^^
TypeError: '<=' not supported between instances of 'float' and 'str'

2026-02-04 17:11:57,603 - INFO - Stopping experiment queue
2026-02-04 17:11:57,605 - INFO - 
================================================================================
2026-02-04 17:11:57,605 - INFO - EXPERIMENT QUEUE SUMMARY
2026-02-04 17:11:57,605 - INFO - ================================================================================
2026-02-04 17:11:57,605 - INFO - Completed: 0/4900
2026-02-04 17:11:57,605 - INFO - Failed: 1/4900
2026-02-04 17:11:57,605 - INFO - Skipped: 0/4900
2026-02-04 17:11:57,605 - INFO - 
Failed experiments:
2026-02-04 17:11:57,606 - INFO -   ✗ none: '<=' not supported between instances of 'float' and 'str'
2026-02-04 17:11:57,606 - INFO - 
================================================================================

